<?xml version="1.0" encoding="UTF-8"?>
<!-- Generated by org.testng.reporters.JUnitReportReporter -->
<testsuite hostname="DESKTOP-6REBFVO" failures="0" tests="13" name="Establishment.Establish" time="47.747" errors="1" timestamp="2022-07-13T12:24:28 IST" skipped="12">
  <testcase classname="Establishment.Establish" name="update" time="47.747">
    <error message="Expected condition failed: waiting for element to be clickable: By.xpath:  (tried for 30 second(s) with 500 milliseconds interval)
Build info: version: &#039;4.1.4&#039;, revision: &#039;535d840ee2&#039;
System info: host: &#039;DESKTOP-6REBFVO&#039;, ip: &#039;192.168.1.55&#039;, os.name: &#039;Windows 10&#039;, os.arch: &#039;amd64&#039;, os.version: &#039;10.0&#039;, java.version: &#039;17.0.2&#039;
Driver info: org.openqa.selenium.chrome.ChromeDriver
Capabilities {acceptInsecureCerts: false, browserName: chrome, browserVersion: 103.0.5060.114, chrome: {chromedriverVersion: 103.0.5060.53 (a1711811edd7..., userDataDir: C:\Users\PCS\AppData\Local\...}, goog:chromeOptions: {debuggerAddress: localhost:60968}, javascriptEnabled: true, networkConnectionEnabled: false, pageLoadStrategy: normal, platform: WINDOWS, platformName: WINDOWS, proxy: Proxy(), se:cdp: ws://localhost:60968/devtoo..., se:cdpVersion: 103.0.5060.114, setWindowRect: true, strictFileInteractability: false, timeouts: {implicit: 0, pageLoad: 300000, script: 30000}, unhandledPromptBehavior: dismiss and notify, webauthn:extension:credBlob: true, webauthn:extension:largeBlob: true, webauthn:virtualAuthenticators: true}
Session ID: 6d3794e9423452fb551c8db1a2a6f54f" type="org.openqa.selenium.TimeoutException">
      <![CDATA[org.openqa.selenium.TimeoutException: Expected condition failed: waiting for element to be clickable: By.xpath:  (tried for 30 second(s) with 500 milliseconds interval)
Build info: version: '4.1.4', revision: '535d840ee2'
System info: host: 'DESKTOP-6REBFVO', ip: '192.168.1.55', os.name: 'Windows 10', os.arch: 'amd64', os.version: '10.0', java.version: '17.0.2'
Driver info: org.openqa.selenium.chrome.ChromeDriver
Capabilities {acceptInsecureCerts: false, browserName: chrome, browserVersion: 103.0.5060.114, chrome: {chromedriverVersion: 103.0.5060.53 (a1711811edd7..., userDataDir: C:\Users\PCS\AppData\Local\...}, goog:chromeOptions: {debuggerAddress: localhost:60968}, javascriptEnabled: true, networkConnectionEnabled: false, pageLoadStrategy: normal, platform: WINDOWS, platformName: WINDOWS, proxy: Proxy(), se:cdp: ws://localhost:60968/devtoo..., se:cdpVersion: 103.0.5060.114, setWindowRect: true, strictFileInteractability: false, timeouts: {implicit: 0, pageLoad: 300000, script: 30000}, unhandledPromptBehavior: dismiss and notify, webauthn:extension:credBlob: true, webauthn:extension:largeBlob: true, webauthn:virtualAuthenticators: true}
Session ID: 6d3794e9423452fb551c8db1a2a6f54f
at org.openqa.selenium.support.ui.WebDriverWait.timeoutException(WebDriverWait.java:87)
at org.openqa.selenium.support.ui.FluentWait.until(FluentWait.java:231)
at Establishment.Establish.update(Establish.java:194)
at java.base/jdk.internal.reflect.NativeMethodAccessorImpl.invoke0(Native Method)
at java.base/jdk.internal.reflect.NativeMethodAccessorImpl.invoke(NativeMethodAccessorImpl.java:77)
at java.base/jdk.internal.reflect.DelegatingMethodAccessorImpl.invoke(DelegatingMethodAccessorImpl.java:43)
at java.base/java.lang.reflect.Method.invoke(Method.java:568)
at org.testng.internal.MethodInvocationHelper.invokeMethod(MethodInvocationHelper.java:133)
at org.testng.internal.TestInvoker.invokeMethod(TestInvoker.java:598)
at org.testng.internal.TestInvoker.invokeTestMethod(TestInvoker.java:173)
at org.testng.internal.MethodRunner.runInSequence(MethodRunner.java:46)
at org.testng.internal.TestInvoker$MethodInvocationAgent.invoke(TestInvoker.java:824)
at org.testng.internal.TestInvoker.invokeTestMethods(TestInvoker.java:146)
at org.testng.internal.TestMethodWorker.invokeTestMethods(TestMethodWorker.java:146)
at org.testng.internal.TestMethodWorker.run(TestMethodWorker.java:128)
at java.base/java.util.ArrayList.forEach(ArrayList.java:1511)
at org.testng.TestRunner.privateRun(TestRunner.java:794)
at org.testng.TestRunner.run(TestRunner.java:596)
at org.testng.SuiteRunner.runTest(SuiteRunner.java:377)
at org.testng.SuiteRunner.runSequentially(SuiteRunner.java:371)
at org.testng.SuiteRunner.privateRun(SuiteRunner.java:332)
at org.testng.SuiteRunner.run(SuiteRunner.java:276)
at org.testng.SuiteRunnerWorker.runSuite(SuiteRunnerWorker.java:53)
at org.testng.SuiteRunnerWorker.run(SuiteRunnerWorker.java:96)
at org.testng.TestNG.runSuitesSequentially(TestNG.java:1212)
at org.testng.TestNG.runSuitesLocally(TestNG.java:1134)
at org.testng.TestNG.runSuites(TestNG.java:1063)
at org.testng.TestNG.run(TestNG.java:1031)
at org.testng.remote.AbstractRemoteTestNG.run(AbstractRemoteTestNG.java:115)
at org.testng.remote.RemoteTestNG.initAndRun(RemoteTestNG.java:251)
at org.testng.remote.RemoteTestNG.main(RemoteTestNG.java:77)
]]>
    </error>
  </testcase> <!-- update -->
  <system-out/>
  <testcase classname="Establishment.Establish" name="Reappointment">
    <skipped/>
  </testcase> <!-- Reappointment -->
  <system-out/>
  <testcase classname="Establishment.Establish" name="Retirement">
    <skipped/>
  </testcase> <!-- Retirement -->
  <system-out/>
  <testcase classname="Establishment.Establish" name="promotion">
    <skipped/>
  </testcase> <!-- promotion -->
  <system-out/>
  <testcase classname="Establishment.Establish" name="Transfer">
    <skipped/>
  </testcase> <!-- Transfer -->
  <system-out/>
  <testcase classname="Establishment.Establish" name="variable_pay">
    <skipped/>
  </testcase> <!-- variable_pay -->
  <system-out/>
  <testcase classname="Establishment.Establish" name="ADD_Establishment">
    <skipped/>
  </testcase> <!-- ADD_Establishment -->
  <system-out/>
  <testcase classname="Establishment.Establish" name="Update_Establishment">
    <skipped/>
  </testcase> <!-- Update_Establishment -->
  <system-out/>
  <testcase classname="Establishment.Establish" name="death">
    <skipped/>
  </testcase> <!-- death -->
  <system-out/>
  <testcase classname="Establishment.Establish" name="Resign">
    <skipped/>
  </testcase> <!-- Resign -->
  <system-out/>
  <testcase classname="Establishment.Establish" name="Update_Emp_Resign">
    <skipped/>
  </testcase> <!-- Update_Emp_Resign -->
  <system-out/>
  <testcase classname="Establishment.Establish" name="posting">
    <skipped/>
  </testcase> <!-- posting -->
  <system-out/>
  <testcase classname="Establishment.Establish" name="variable_pay_blank_Field">
    <skipped/>
  </testcase> <!-- variable_pay_blank_Field -->
  <system-out/>
</testsuite> <!-- Establishment.Establish -->
